<?xml version="1.0" encoding="UTF-8"?>
<!-- Generated by org.testng.reporters.JUnitXMLReporter -->
<testsuite hostname="myGamingPC" ignored="0" name="Getting Alert Message" tests="20" failures="0" timestamp="16 Nov 2020 09:21:08 GMT" time="143.341" errors="0">
  <testcase name="alertMessage" time="6.611" classname="com.practo.getAlertMessage"/>
  <testcase name="alertMessage" time="6.743" classname="com.practo.getAlertMessage"/>
  <testcase name="alertMessage" time="6.412" classname="com.practo.getAlertMessage"/>
  <testcase name="alertMessage" time="6.392" classname="com.practo.getAlertMessage"/>
  <testcase name="alertMessage" time="6.508" classname="com.practo.getAlertMessage"/>
  <testcase name="alertMessage" time="7.055" classname="com.practo.getAlertMessage"/>
  <testcase name="alertMessage" time="7.911" classname="com.practo.getAlertMessage"/>
  <testcase name="alertMessage" time="7.857" classname="com.practo.getAlertMessage"/>
  <testcase name="alertMessage" time="6.545" classname="com.practo.getAlertMessage"/>
  <testcase name="alertMessage" time="7.049" classname="com.practo.getAlertMessage"/>
  <testcase name="alertMessage" time="7.576" classname="com.practo.getAlertMessage"/>
  <testcase name="alertMessage" time="8.248" classname="com.practo.getAlertMessage"/>
  <testcase name="alertMessage" time="7.006" classname="com.practo.getAlertMessage"/>
  <testcase name="alertMessage" time="6.931" classname="com.practo.getAlertMessage"/>
  <testcase name="alertMessage" time="7.628" classname="com.practo.getAlertMessage"/>
  <testcase name="alertMessage" time="6.912" classname="com.practo.getAlertMessage"/>
  <testcase name="alertMessage" time="6.891" classname="com.practo.getAlertMessage"/>
  <testcase name="alertMessage" time="7.142" classname="com.practo.getAlertMessage"/>
  <testcase name="alertMessage" time="7.94" classname="com.practo.getAlertMessage"/>
  <testcase name="alertMessage" time="7.375" classname="com.practo.getAlertMessage"/>
</testsuite> <!-- Getting Alert Message -->
