<?xml version="1.0" encoding="UTF-8"?>
<!-- Generated by org.testng.reporters.JUnitXMLReporter -->
<testsuite hostname="myGamingPC" ignored="0" name="Getting Alert Message" tests="20" failures="0" timestamp="31 Oct 2020 04:37:15 GMT" time="295.512" errors="0">
  <testcase name="alertMessage" time="15.477" classname="com.practo.getAlertMessage"/>
  <testcase name="alertMessage" time="14.92" classname="com.practo.getAlertMessage"/>
  <testcase name="alertMessage" time="12.454" classname="com.practo.getAlertMessage"/>
  <testcase name="alertMessage" time="12.129" classname="com.practo.getAlertMessage"/>
  <testcase name="alertMessage" time="13.778" classname="com.practo.getAlertMessage"/>
  <testcase name="alertMessage" time="15.43" classname="com.practo.getAlertMessage"/>
  <testcase name="alertMessage" time="14.89" classname="com.practo.getAlertMessage"/>
  <testcase name="alertMessage" time="13.614" classname="com.practo.getAlertMessage"/>
  <testcase name="alertMessage" time="13.391" classname="com.practo.getAlertMessage"/>
  <testcase name="alertMessage" time="17.993" classname="com.practo.getAlertMessage"/>
  <testcase name="alertMessage" time="23.012" classname="com.practo.getAlertMessage"/>
  <testcase name="alertMessage" time="14.03" classname="com.practo.getAlertMessage"/>
  <testcase name="alertMessage" time="12.754" classname="com.practo.getAlertMessage"/>
  <testcase name="alertMessage" time="13.839" classname="com.practo.getAlertMessage"/>
  <testcase name="alertMessage" time="13.133" classname="com.practo.getAlertMessage"/>
  <testcase name="alertMessage" time="14.121" classname="com.practo.getAlertMessage"/>
  <testcase name="alertMessage" time="13.956" classname="com.practo.getAlertMessage"/>
  <testcase name="alertMessage" time="20.364" classname="com.practo.getAlertMessage"/>
  <testcase name="alertMessage" time="11.925" classname="com.practo.getAlertMessage"/>
  <testcase name="alertMessage" time="13.607" classname="com.practo.getAlertMessage"/>
</testsuite> <!-- Getting Alert Message -->
