<?xml version="1.0" encoding="UTF-8"?>
<!-- Generated by org.testng.reporters.JUnitXMLReporter -->
<testsuite hostname="myGamingPC" ignored="0" name="Getting Alert Message" tests="20" failures="0" timestamp="16 Nov 2020 10:02:28 GMT" time="266.927" errors="0">
  <testcase name="alertMessage" time="12.3" classname="com.practo.getAlertMessage"/>
  <testcase name="alertMessage" time="12.974" classname="com.practo.getAlertMessage"/>
  <testcase name="alertMessage" time="14.307" classname="com.practo.getAlertMessage"/>
  <testcase name="alertMessage" time="12.833" classname="com.practo.getAlertMessage"/>
  <testcase name="alertMessage" time="11.714" classname="com.practo.getAlertMessage"/>
  <testcase name="alertMessage" time="11.503" classname="com.practo.getAlertMessage"/>
  <testcase name="alertMessage" time="12.656" classname="com.practo.getAlertMessage"/>
  <testcase name="alertMessage" time="13.41" classname="com.practo.getAlertMessage"/>
  <testcase name="alertMessage" time="13.621" classname="com.practo.getAlertMessage"/>
  <testcase name="alertMessage" time="12.724" classname="com.practo.getAlertMessage"/>
  <testcase name="alertMessage" time="14.876" classname="com.practo.getAlertMessage"/>
  <testcase name="alertMessage" time="15.377" classname="com.practo.getAlertMessage"/>
  <testcase name="alertMessage" time="12.61" classname="com.practo.getAlertMessage"/>
  <testcase name="alertMessage" time="14.181" classname="com.practo.getAlertMessage"/>
  <testcase name="alertMessage" time="14.034" classname="com.practo.getAlertMessage"/>
  <testcase name="alertMessage" time="13.355" classname="com.practo.getAlertMessage"/>
  <testcase name="alertMessage" time="12.744" classname="com.practo.getAlertMessage"/>
  <testcase name="alertMessage" time="13.845" classname="com.practo.getAlertMessage"/>
  <testcase name="alertMessage" time="13.93" classname="com.practo.getAlertMessage"/>
  <testcase name="alertMessage" time="13.342" classname="com.practo.getAlertMessage"/>
</testsuite> <!-- Getting Alert Message -->
