<?xml version="1.0" encoding="UTF-8"?>
<testsuite xmlns:xsi="http://www.w3.org/2001/XMLSchema-instance" xsi:noNamespaceSchemaLocation="https://maven.apache.org/surefire/maven-surefire-plugin/xsd/surefire-test-report.xsd" name="TestSuite" time="65.098" tests="4" errors="0" skipped="0" failures="0">
  <properties>
[...]
</properties>
  <testcase name="checkSearchPage" classname="com.practo.verifySearchResults" time="21.861"/>
  <testcase name="countCities" classname="com.practo.verifyTopCities" time="17.901"/>
  <testcase name="alertMessage" classname="com.practo.getAlertMessage" time="12.286"/>
  <testcase name="alertMessage" classname="com.practo.getAlertMessage" time="11.997"/>
</testsuite>