<?xml version="1.0" encoding="UTF-8"?>
<testng-results skipped="0" failed="0" ignored="0" total="22" passed="22">
  <reporter-output>
  </reporter-output>
  <suite name="Finding Hospitals" duration-ms="308303" started-at="2020-11-16T09:57:20Z" finished-at="2020-11-16T10:02:28Z">
    <groups>
    </groups>
    <test name="Verifying Search Page" duration-ms="22850" started-at="2020-11-16T09:57:20Z" finished-at="2020-11-16T09:57:43Z">
      <class name="com.practo.verifySearchResults">
        <test-method status="PASS" signature="checkSearchPage()[pri:0, instance:com.practo.verifySearchResults@5e5792a0]" name="checkSearchPage" duration-ms="22825" started-at="2020-11-16T15:27:20Z" finished-at="2020-11-16T15:27:43Z">
          <reporter-output>
          </reporter-output>
        </test-method> <!-- checkSearchPage -->
        <test-method status="PASS" signature="getResult(org.testng.ITestResult)[pri:0, instance:com.practo.verifySearchResults@5e5792a0]" name="getResult" is-config="true" duration-ms="3" started-at="2020-11-16T15:27:43Z" finished-at="2020-11-16T15:27:43Z">
          <params>
            <param index="0">
              <value>
                <![CDATA[[TestResult name=checkSearchPage status=SUCCESS method=verifySearchResults.checkSearchPage()[pri:0, instance:com.practo.verifySearchResults@5e5792a0] output={null}]]]>
              </value>
            </param>
          </params>
          <reporter-output>
          </reporter-output>
        </test-method> <!-- getResult -->
      </class> <!-- com.practo.verifySearchResults -->
    </test> <!-- Verifying Search Page -->
    <test name="Verifying Top Cities" duration-ms="18496" started-at="2020-11-16T09:57:43Z" finished-at="2020-11-16T09:58:01Z">
      <class name="com.practo.verifyTopCities">
        <test-method status="PASS" signature="countCities()[pri:0, instance:com.practo.verifyTopCities@5442a311]" name="countCities" duration-ms="18493" started-at="2020-11-16T15:27:43Z" finished-at="2020-11-16T15:28:01Z">
          <reporter-output>
          </reporter-output>
        </test-method> <!-- countCities -->
        <test-method status="PASS" signature="getResult(org.testng.ITestResult)[pri:0, instance:com.practo.verifyTopCities@5442a311]" name="getResult" is-config="true" duration-ms="0" started-at="2020-11-16T15:28:01Z" finished-at="2020-11-16T15:28:01Z">
          <params>
            <param index="0">
              <value>
                <![CDATA[[TestResult name=countCities status=SUCCESS method=verifyTopCities.countCities()[pri:0, instance:com.practo.verifyTopCities@5442a311] output={null}]]]>
              </value>
            </param>
          </params>
          <reporter-output>
          </reporter-output>
        </test-method> <!-- getResult -->
      </class> <!-- com.practo.verifyTopCities -->
    </test> <!-- Verifying Top Cities -->
    <test name="Getting Alert Message" duration-ms="266927" started-at="2020-11-16T09:58:01Z" finished-at="2020-11-16T10:02:28Z">
      <class name="com.practo.getAlertMessage">
        <test-method status="PASS" signature="setUp()[pri:0, instance:com.practo.getAlertMessage@6eebc39e]" name="setUp" is-config="true" duration-ms="290" started-at="2020-11-16T15:27:20Z" finished-at="2020-11-16T15:27:20Z">
          <reporter-output>
          </reporter-output>
        </test-method> <!-- setUp -->
        <test-method status="PASS" signature="alertMessage(java.lang.String, java.lang.String, java.lang.String, java.lang.String, java.lang.String)[pri:0, instance:com.practo.getAlertMessage@6eebc39e]" name="alertMessage" duration-ms="12300" started-at="2020-11-16T15:28:02Z" data-provider="TestData" finished-at="2020-11-16T15:28:14Z">
          <params>
            <param index="0">
              <value>
                <![CDATA[Anshul]]>
              </value>
            </param>
            <param index="1">
              <value>
                <![CDATA[Cognizant]]>
              </value>
            </param>
            <param index="2">
              <value>
                <![CDATA[anshul]]>
              </value>
            </param>
            <param index="3">
              <value>
                <![CDATA[9876543210]]>
              </value>
            </param>
            <param index="4">
              <value>
                <![CDATA[Invalid Email]]>
              </value>
            </param>
          </params>
          <reporter-output>
          </reporter-output>
        </test-method> <!-- alertMessage -->
        <test-method status="PASS" signature="getResult(org.testng.ITestResult)[pri:0, instance:com.practo.getAlertMessage@6eebc39e]" name="getResult" is-config="true" duration-ms="0" started-at="2020-11-16T15:28:14Z" finished-at="2020-11-16T15:28:14Z">
          <params>
            <param index="0">
              <value>
                <![CDATA[[TestResult name=alertMessage status=SUCCESS method=getAlertMessage.alertMessage(java.lang.String, java.lang.String, java.lang.String, java.lang.String, java.lang.String)[pri:0, instance:com.practo.getAlertMessage@6eebc39e] output={null}]]]>
              </value>
            </param>
          </params>
          <reporter-output>
          </reporter-output>
        </test-method> <!-- getResult -->
        <test-method status="PASS" signature="alertMessage(java.lang.String, java.lang.String, java.lang.String, java.lang.String, java.lang.String)[pri:0, instance:com.practo.getAlertMessage@6eebc39e]" name="alertMessage" duration-ms="12974" started-at="2020-11-16T15:28:14Z" data-provider="TestData" finished-at="2020-11-16T15:28:27Z">
          <params>
            <param index="0">
              <value>
                <![CDATA[Sharman]]>
              </value>
            </param>
            <param index="1">
              <value>
                <![CDATA[TCS]]>
              </value>
            </param>
            <param index="2">
              <value>
                <![CDATA[shar.man]]>
              </value>
            </param>
            <param index="3">
              <value>
                <![CDATA[9875642130]]>
              </value>
            </param>
            <param index="4">
              <value>
                <![CDATA[Invalid Email]]>
              </value>
            </param>
          </params>
          <reporter-output>
          </reporter-output>
        </test-method> <!-- alertMessage -->
        <test-method status="PASS" signature="getResult(org.testng.ITestResult)[pri:0, instance:com.practo.getAlertMessage@6eebc39e]" name="getResult" is-config="true" duration-ms="1" started-at="2020-11-16T15:28:27Z" finished-at="2020-11-16T15:28:27Z">
          <params>
            <param index="0">
              <value>
                <![CDATA[[TestResult name=alertMessage status=SUCCESS method=getAlertMessage.alertMessage(java.lang.String, java.lang.String, java.lang.String, java.lang.String, java.lang.String)[pri:0, instance:com.practo.getAlertMessage@6eebc39e] output={null}]]]>
              </value>
            </param>
          </params>
          <reporter-output>
          </reporter-output>
        </test-method> <!-- getResult -->
        <test-method status="PASS" signature="alertMessage(java.lang.String, java.lang.String, java.lang.String, java.lang.String, java.lang.String)[pri:0, instance:com.practo.getAlertMessage@6eebc39e]" name="alertMessage" duration-ms="14307" started-at="2020-11-16T15:28:27Z" data-provider="TestData" finished-at="2020-11-16T15:28:42Z">
          <params>
            <param index="0">
              <value>
                <![CDATA[Nimish]]>
              </value>
            </param>
            <param index="1">
              <value>
                <![CDATA[HCL]]>
              </value>
            </param>
            <param index="2">
              <value>
                <![CDATA[nim.ish@gmail]]>
              </value>
            </param>
            <param index="3">
              <value>
                <![CDATA[9875642130]]>
              </value>
            </param>
            <param index="4">
              <value>
                <![CDATA[Invalid Email]]>
              </value>
            </param>
          </params>
          <reporter-output>
          </reporter-output>
        </test-method> <!-- alertMessage -->
        <test-method status="PASS" signature="getResult(org.testng.ITestResult)[pri:0, instance:com.practo.getAlertMessage@6eebc39e]" name="getResult" is-config="true" duration-ms="0" started-at="2020-11-16T15:28:42Z" finished-at="2020-11-16T15:28:42Z">
          <params>
            <param index="0">
              <value>
                <![CDATA[[TestResult name=alertMessage status=SUCCESS method=getAlertMessage.alertMessage(java.lang.String, java.lang.String, java.lang.String, java.lang.String, java.lang.String)[pri:0, instance:com.practo.getAlertMessage@6eebc39e] output={null}]]]>
              </value>
            </param>
          </params>
          <reporter-output>
          </reporter-output>
        </test-method> <!-- getResult -->
        <test-method status="PASS" signature="alertMessage(java.lang.String, java.lang.String, java.lang.String, java.lang.String, java.lang.String)[pri:0, instance:com.practo.getAlertMessage@6eebc39e]" name="alertMessage" duration-ms="12833" started-at="2020-11-16T15:28:42Z" data-provider="TestData" finished-at="2020-11-16T15:28:54Z">
          <params>
            <param index="0">
              <value>
                <![CDATA[Charles]]>
              </value>
            </param>
            <param index="1">
              <value>
                <![CDATA[Cognizant]]>
              </value>
            </param>
            <param index="2">
              <value>
                <![CDATA[mark.shot.com]]>
              </value>
            </param>
            <param index="3">
              <value>
                <![CDATA[9875642130]]>
              </value>
            </param>
            <param index="4">
              <value>
                <![CDATA[Invalid Email]]>
              </value>
            </param>
          </params>
          <reporter-output>
          </reporter-output>
        </test-method> <!-- alertMessage -->
        <test-method status="PASS" signature="alertMessage(java.lang.String, java.lang.String, java.lang.String, java.lang.String, java.lang.String)[pri:0, instance:com.practo.getAlertMessage@6eebc39e]" name="alertMessage" duration-ms="11714" started-at="2020-11-16T15:28:54Z" data-provider="TestData" finished-at="2020-11-16T15:29:06Z">
          <params>
            <param index="0">
              <value>
                <![CDATA[Rizwan]]>
              </value>
            </param>
            <param index="1">
              <value>
                <![CDATA[Cognizant]]>
              </value>
            </param>
            <param index="2">
              <value>
                <![CDATA[riz@gmail]]>
              </value>
            </param>
            <param index="3">
              <value>
                <![CDATA[9875642130]]>
              </value>
            </param>
            <param index="4">
              <value>
                <![CDATA[Invalid Email]]>
              </value>
            </param>
          </params>
          <reporter-output>
          </reporter-output>
        </test-method> <!-- alertMessage -->
        <test-method status="PASS" signature="getResult(org.testng.ITestResult)[pri:0, instance:com.practo.getAlertMessage@6eebc39e]" name="getResult" is-config="true" duration-ms="0" started-at="2020-11-16T15:28:54Z" finished-at="2020-11-16T15:28:54Z">
          <params>
            <param index="0">
              <value>
                <![CDATA[[TestResult name=alertMessage status=SUCCESS method=getAlertMessage.alertMessage(java.lang.String, java.lang.String, java.lang.String, java.lang.String, java.lang.String)[pri:0, instance:com.practo.getAlertMessage@6eebc39e] output={null}]]]>
              </value>
            </param>
          </params>
          <reporter-output>
          </reporter-output>
        </test-method> <!-- getResult -->
        <test-method status="PASS" signature="getResult(org.testng.ITestResult)[pri:0, instance:com.practo.getAlertMessage@6eebc39e]" name="getResult" is-config="true" duration-ms="0" started-at="2020-11-16T15:29:06Z" finished-at="2020-11-16T15:29:06Z">
          <params>
            <param index="0">
              <value>
                <![CDATA[[TestResult name=alertMessage status=SUCCESS method=getAlertMessage.alertMessage(java.lang.String, java.lang.String, java.lang.String, java.lang.String, java.lang.String)[pri:0, instance:com.practo.getAlertMessage@6eebc39e] output={null}]]]>
              </value>
            </param>
          </params>
          <reporter-output>
          </reporter-output>
        </test-method> <!-- getResult -->
        <test-method status="PASS" signature="alertMessage(java.lang.String, java.lang.String, java.lang.String, java.lang.String, java.lang.String)[pri:0, instance:com.practo.getAlertMessage@6eebc39e]" name="alertMessage" duration-ms="11503" started-at="2020-11-16T15:29:06Z" data-provider="TestData" finished-at="2020-11-16T15:29:18Z">
          <params>
            <param index="0">
              <value>
                <![CDATA[Anshul]]>
              </value>
            </param>
            <param index="1">
              <value>
                <![CDATA[Cognizant]]>
              </value>
            </param>
            <param index="2">
              <value>
                <![CDATA[anshul@gmail.com]]>
              </value>
            </param>
            <param index="3">
              <value>
                <![CDATA[123456]]>
              </value>
            </param>
            <param index="4">
              <value>
                <![CDATA[Invalid Phone Number]]>
              </value>
            </param>
          </params>
          <reporter-output>
          </reporter-output>
        </test-method> <!-- alertMessage -->
        <test-method status="PASS" signature="getResult(org.testng.ITestResult)[pri:0, instance:com.practo.getAlertMessage@6eebc39e]" name="getResult" is-config="true" duration-ms="0" started-at="2020-11-16T15:29:18Z" finished-at="2020-11-16T15:29:18Z">
          <params>
            <param index="0">
              <value>
                <![CDATA[[TestResult name=alertMessage status=SUCCESS method=getAlertMessage.alertMessage(java.lang.String, java.lang.String, java.lang.String, java.lang.String, java.lang.String)[pri:0, instance:com.practo.getAlertMessage@6eebc39e] output={null}]]]>
              </value>
            </param>
          </params>
          <reporter-output>
          </reporter-output>
        </test-method> <!-- getResult -->
        <test-method status="PASS" signature="alertMessage(java.lang.String, java.lang.String, java.lang.String, java.lang.String, java.lang.String)[pri:0, instance:com.practo.getAlertMessage@6eebc39e]" name="alertMessage" duration-ms="12656" started-at="2020-11-16T15:29:18Z" data-provider="TestData" finished-at="2020-11-16T15:29:30Z">
          <params>
            <param index="0">
              <value>
                <![CDATA[Sharman]]>
              </value>
            </param>
            <param index="1">
              <value>
                <![CDATA[TCS]]>
              </value>
            </param>
            <param index="2">
              <value>
                <![CDATA[sharman@outlook.com]]>
              </value>
            </param>
            <param index="3">
              <value>
                <![CDATA[989987]]>
              </value>
            </param>
            <param index="4">
              <value>
                <![CDATA[Invalid Phone Number]]>
              </value>
            </param>
          </params>
          <reporter-output>
          </reporter-output>
        </test-method> <!-- alertMessage -->
        <test-method status="PASS" signature="getResult(org.testng.ITestResult)[pri:0, instance:com.practo.getAlertMessage@6eebc39e]" name="getResult" is-config="true" duration-ms="0" started-at="2020-11-16T15:29:30Z" finished-at="2020-11-16T15:29:30Z">
          <params>
            <param index="0">
              <value>
                <![CDATA[[TestResult name=alertMessage status=SUCCESS method=getAlertMessage.alertMessage(java.lang.String, java.lang.String, java.lang.String, java.lang.String, java.lang.String)[pri:0, instance:com.practo.getAlertMessage@6eebc39e] output={null}]]]>
              </value>
            </param>
          </params>
          <reporter-output>
          </reporter-output>
        </test-method> <!-- getResult -->
        <test-method status="PASS" signature="alertMessage(java.lang.String, java.lang.String, java.lang.String, java.lang.String, java.lang.String)[pri:0, instance:com.practo.getAlertMessage@6eebc39e]" name="alertMessage" duration-ms="13410" started-at="2020-11-16T15:29:30Z" data-provider="TestData" finished-at="2020-11-16T15:29:44Z">
          <params>
            <param index="0">
              <value>
                <![CDATA[Nimish]]>
              </value>
            </param>
            <param index="1">
              <value>
                <![CDATA[HCL]]>
              </value>
            </param>
            <param index="2">
              <value>
                <![CDATA[nim2ish@gmail.com]]>
              </value>
            </param>
            <param index="3">
              <value>
                <![CDATA[8554756]]>
              </value>
            </param>
            <param index="4">
              <value>
                <![CDATA[Invalid Phone Number]]>
              </value>
            </param>
          </params>
          <reporter-output>
          </reporter-output>
        </test-method> <!-- alertMessage -->
        <test-method status="PASS" signature="getResult(org.testng.ITestResult)[pri:0, instance:com.practo.getAlertMessage@6eebc39e]" name="getResult" is-config="true" duration-ms="0" started-at="2020-11-16T15:29:44Z" finished-at="2020-11-16T15:29:44Z">
          <params>
            <param index="0">
              <value>
                <![CDATA[[TestResult name=alertMessage status=SUCCESS method=getAlertMessage.alertMessage(java.lang.String, java.lang.String, java.lang.String, java.lang.String, java.lang.String)[pri:0, instance:com.practo.getAlertMessage@6eebc39e] output={null}]]]>
              </value>
            </param>
          </params>
          <reporter-output>
          </reporter-output>
        </test-method> <!-- getResult -->
        <test-method status="PASS" signature="alertMessage(java.lang.String, java.lang.String, java.lang.String, java.lang.String, java.lang.String)[pri:0, instance:com.practo.getAlertMessage@6eebc39e]" name="alertMessage" duration-ms="13621" started-at="2020-11-16T15:29:44Z" data-provider="TestData" finished-at="2020-11-16T15:29:57Z">
          <params>
            <param index="0">
              <value>
                <![CDATA[Charles]]>
              </value>
            </param>
            <param index="1">
              <value>
                <![CDATA[Cognizant]]>
              </value>
            </param>
            <param index="2">
              <value>
                <![CDATA[mark@shot.com]]>
              </value>
            </param>
            <param index="3">
              <value>
                <![CDATA[98756987]]>
              </value>
            </param>
            <param index="4">
              <value>
                <![CDATA[Invalid Phone Number]]>
              </value>
            </param>
          </params>
          <reporter-output>
          </reporter-output>
        </test-method> <!-- alertMessage -->
        <test-method status="PASS" signature="alertMessage(java.lang.String, java.lang.String, java.lang.String, java.lang.String, java.lang.String)[pri:0, instance:com.practo.getAlertMessage@6eebc39e]" name="alertMessage" duration-ms="12724" started-at="2020-11-16T15:29:57Z" data-provider="TestData" finished-at="2020-11-16T15:30:10Z">
          <params>
            <param index="0">
              <value>
                <![CDATA[Rizwan]]>
              </value>
            </param>
            <param index="1">
              <value>
                <![CDATA[Cognizant]]>
              </value>
            </param>
            <param index="2">
              <value>
                <![CDATA[riz@gmail.com]]>
              </value>
            </param>
            <param index="3">
              <value>
                <![CDATA[88956466]]>
              </value>
            </param>
            <param index="4">
              <value>
                <![CDATA[Invalid Phone Number]]>
              </value>
            </param>
          </params>
          <reporter-output>
          </reporter-output>
        </test-method> <!-- alertMessage -->
        <test-method status="PASS" signature="getResult(org.testng.ITestResult)[pri:0, instance:com.practo.getAlertMessage@6eebc39e]" name="getResult" is-config="true" duration-ms="0" started-at="2020-11-16T15:29:57Z" finished-at="2020-11-16T15:29:57Z">
          <params>
            <param index="0">
              <value>
                <![CDATA[[TestResult name=alertMessage status=SUCCESS method=getAlertMessage.alertMessage(java.lang.String, java.lang.String, java.lang.String, java.lang.String, java.lang.String)[pri:0, instance:com.practo.getAlertMessage@6eebc39e] output={null}]]]>
              </value>
            </param>
          </params>
          <reporter-output>
          </reporter-output>
        </test-method> <!-- getResult -->
        <test-method status="PASS" signature="alertMessage(java.lang.String, java.lang.String, java.lang.String, java.lang.String, java.lang.String)[pri:0, instance:com.practo.getAlertMessage@6eebc39e]" name="alertMessage" duration-ms="14876" started-at="2020-11-16T15:30:10Z" data-provider="TestData" finished-at="2020-11-16T15:30:25Z">
          <params>
            <param index="0">
              <value>
                <![CDATA[toh_@as]]>
              </value>
            </param>
            <param index="1">
              <value>
                <![CDATA[Cognizant]]>
              </value>
            </param>
            <param index="2">
              <value>
                <![CDATA[anshul@gmail.com]]>
              </value>
            </param>
            <param index="3">
              <value>
                <![CDATA[9876543210]]>
              </value>
            </param>
            <param index="4">
              <value>
                <![CDATA[Invalid Name]]>
              </value>
            </param>
          </params>
          <reporter-output>
          </reporter-output>
        </test-method> <!-- alertMessage -->
        <test-method status="PASS" signature="getResult(org.testng.ITestResult)[pri:0, instance:com.practo.getAlertMessage@6eebc39e]" name="getResult" is-config="true" duration-ms="0" started-at="2020-11-16T15:30:10Z" finished-at="2020-11-16T15:30:10Z">
          <params>
            <param index="0">
              <value>
                <![CDATA[[TestResult name=alertMessage status=SUCCESS method=getAlertMessage.alertMessage(java.lang.String, java.lang.String, java.lang.String, java.lang.String, java.lang.String)[pri:0, instance:com.practo.getAlertMessage@6eebc39e] output={null}]]]>
              </value>
            </param>
          </params>
          <reporter-output>
          </reporter-output>
        </test-method> <!-- getResult -->
        <test-method status="PASS" signature="getResult(org.testng.ITestResult)[pri:0, instance:com.practo.getAlertMessage@6eebc39e]" name="getResult" is-config="true" duration-ms="0" started-at="2020-11-16T15:30:25Z" finished-at="2020-11-16T15:30:25Z">
          <params>
            <param index="0">
              <value>
                <![CDATA[[TestResult name=alertMessage status=SUCCESS method=getAlertMessage.alertMessage(java.lang.String, java.lang.String, java.lang.String, java.lang.String, java.lang.String)[pri:0, instance:com.practo.getAlertMessage@6eebc39e] output={null}]]]>
              </value>
            </param>
          </params>
          <reporter-output>
          </reporter-output>
        </test-method> <!-- getResult -->
        <test-method status="PASS" signature="alertMessage(java.lang.String, java.lang.String, java.lang.String, java.lang.String, java.lang.String)[pri:0, instance:com.practo.getAlertMessage@6eebc39e]" name="alertMessage" duration-ms="15377" started-at="2020-11-16T15:30:25Z" data-provider="TestData" finished-at="2020-11-16T15:30:40Z">
          <params>
            <param index="0">
              <value>
                <![CDATA[123shish]]>
              </value>
            </param>
            <param index="1">
              <value>
                <![CDATA[TCS]]>
              </value>
            </param>
            <param index="2">
              <value>
                <![CDATA[sharman@outlook.com]]>
              </value>
            </param>
            <param index="3">
              <value>
                <![CDATA[9875642130]]>
              </value>
            </param>
            <param index="4">
              <value>
                <![CDATA[Invalid Name]]>
              </value>
            </param>
          </params>
          <reporter-output>
          </reporter-output>
        </test-method> <!-- alertMessage -->
        <test-method status="PASS" signature="getResult(org.testng.ITestResult)[pri:0, instance:com.practo.getAlertMessage@6eebc39e]" name="getResult" is-config="true" duration-ms="0" started-at="2020-11-16T15:30:40Z" finished-at="2020-11-16T15:30:40Z">
          <params>
            <param index="0">
              <value>
                <![CDATA[[TestResult name=alertMessage status=SUCCESS method=getAlertMessage.alertMessage(java.lang.String, java.lang.String, java.lang.String, java.lang.String, java.lang.String)[pri:0, instance:com.practo.getAlertMessage@6eebc39e] output={null}]]]>
              </value>
            </param>
          </params>
          <reporter-output>
          </reporter-output>
        </test-method> <!-- getResult -->
        <test-method status="PASS" signature="alertMessage(java.lang.String, java.lang.String, java.lang.String, java.lang.String, java.lang.String)[pri:0, instance:com.practo.getAlertMessage@6eebc39e]" name="alertMessage" duration-ms="12610" started-at="2020-11-16T15:30:40Z" data-provider="TestData" finished-at="2020-11-16T15:30:53Z">
          <params>
            <param index="0">
              <value>
                <![CDATA[ard_sharma]]>
              </value>
            </param>
            <param index="1">
              <value>
                <![CDATA[HCL]]>
              </value>
            </param>
            <param index="2">
              <value>
                <![CDATA[nim2ish@gmail.com]]>
              </value>
            </param>
            <param index="3">
              <value>
                <![CDATA[9875642130]]>
              </value>
            </param>
            <param index="4">
              <value>
                <![CDATA[Invalid Name]]>
              </value>
            </param>
          </params>
          <reporter-output>
          </reporter-output>
        </test-method> <!-- alertMessage -->
        <test-method status="PASS" signature="alertMessage(java.lang.String, java.lang.String, java.lang.String, java.lang.String, java.lang.String)[pri:0, instance:com.practo.getAlertMessage@6eebc39e]" name="alertMessage" duration-ms="14181" started-at="2020-11-16T15:30:53Z" data-provider="TestData" finished-at="2020-11-16T15:31:07Z">
          <params>
            <param index="0">
              <value>
                <![CDATA[arsh.22]]>
              </value>
            </param>
            <param index="1">
              <value>
                <![CDATA[Cognizant]]>
              </value>
            </param>
            <param index="2">
              <value>
                <![CDATA[mark@shot.com]]>
              </value>
            </param>
            <param index="3">
              <value>
                <![CDATA[9875642130]]>
              </value>
            </param>
            <param index="4">
              <value>
                <![CDATA[Invalid Name]]>
              </value>
            </param>
          </params>
          <reporter-output>
          </reporter-output>
        </test-method> <!-- alertMessage -->
        <test-method status="PASS" signature="getResult(org.testng.ITestResult)[pri:0, instance:com.practo.getAlertMessage@6eebc39e]" name="getResult" is-config="true" duration-ms="0" started-at="2020-11-16T15:30:53Z" finished-at="2020-11-16T15:30:53Z">
          <params>
            <param index="0">
              <value>
                <![CDATA[[TestResult name=alertMessage status=SUCCESS method=getAlertMessage.alertMessage(java.lang.String, java.lang.String, java.lang.String, java.lang.String, java.lang.String)[pri:0, instance:com.practo.getAlertMessage@6eebc39e] output={null}]]]>
              </value>
            </param>
          </params>
          <reporter-output>
          </reporter-output>
        </test-method> <!-- getResult -->
        <test-method status="PASS" signature="getResult(org.testng.ITestResult)[pri:0, instance:com.practo.getAlertMessage@6eebc39e]" name="getResult" is-config="true" duration-ms="1" started-at="2020-11-16T15:31:07Z" finished-at="2020-11-16T15:31:07Z">
          <params>
            <param index="0">
              <value>
                <![CDATA[[TestResult name=alertMessage status=SUCCESS method=getAlertMessage.alertMessage(java.lang.String, java.lang.String, java.lang.String, java.lang.String, java.lang.String)[pri:0, instance:com.practo.getAlertMessage@6eebc39e] output={null}]]]>
              </value>
            </param>
          </params>
          <reporter-output>
          </reporter-output>
        </test-method> <!-- getResult -->
        <test-method status="PASS" signature="alertMessage(java.lang.String, java.lang.String, java.lang.String, java.lang.String, java.lang.String)[pri:0, instance:com.practo.getAlertMessage@6eebc39e]" name="alertMessage" duration-ms="14034" started-at="2020-11-16T15:31:07Z" data-provider="TestData" finished-at="2020-11-16T15:31:21Z">
          <params>
            <param index="0">
              <value>
                <![CDATA[shimi/12]]>
              </value>
            </param>
            <param index="1">
              <value>
                <![CDATA[Cognizant]]>
              </value>
            </param>
            <param index="2">
              <value>
                <![CDATA[riz@gmail.com]]>
              </value>
            </param>
            <param index="3">
              <value>
                <![CDATA[9875642130]]>
              </value>
            </param>
            <param index="4">
              <value>
                <![CDATA[Invalid Name]]>
              </value>
            </param>
          </params>
          <reporter-output>
          </reporter-output>
        </test-method> <!-- alertMessage -->
        <test-method status="PASS" signature="getResult(org.testng.ITestResult)[pri:0, instance:com.practo.getAlertMessage@6eebc39e]" name="getResult" is-config="true" duration-ms="1" started-at="2020-11-16T15:31:21Z" finished-at="2020-11-16T15:31:21Z">
          <params>
            <param index="0">
              <value>
                <![CDATA[[TestResult name=alertMessage status=SUCCESS method=getAlertMessage.alertMessage(java.lang.String, java.lang.String, java.lang.String, java.lang.String, java.lang.String)[pri:0, instance:com.practo.getAlertMessage@6eebc39e] output={null}]]]>
              </value>
            </param>
          </params>
          <reporter-output>
          </reporter-output>
        </test-method> <!-- getResult -->
        <test-method status="PASS" signature="alertMessage(java.lang.String, java.lang.String, java.lang.String, java.lang.String, java.lang.String)[pri:0, instance:com.practo.getAlertMessage@6eebc39e]" name="alertMessage" duration-ms="13355" started-at="2020-11-16T15:31:21Z" data-provider="TestData" finished-at="2020-11-16T15:31:35Z">
          <params>
            <param index="0">
              <value>
                <![CDATA[Anshul]]>
              </value>
            </param>
            <param index="1">
              <value>
                <![CDATA[Cognizant]]>
              </value>
            </param>
            <param index="2">
              <value>
                <![CDATA[anshul@gmail.com]]>
              </value>
            </param>
            <param index="3">
              <value>
                <![CDATA[9999999999]]>
              </value>
            </param>
            <param index="4">
              <value>
                <![CDATA[Valid Data]]>
              </value>
            </param>
          </params>
          <reporter-output>
          </reporter-output>
        </test-method> <!-- alertMessage -->
        <test-method status="PASS" signature="getResult(org.testng.ITestResult)[pri:0, instance:com.practo.getAlertMessage@6eebc39e]" name="getResult" is-config="true" duration-ms="0" started-at="2020-11-16T15:31:35Z" finished-at="2020-11-16T15:31:35Z">
          <params>
            <param index="0">
              <value>
                <![CDATA[[TestResult name=alertMessage status=SUCCESS method=getAlertMessage.alertMessage(java.lang.String, java.lang.String, java.lang.String, java.lang.String, java.lang.String)[pri:0, instance:com.practo.getAlertMessage@6eebc39e] output={null}]]]>
              </value>
            </param>
          </params>
          <reporter-output>
          </reporter-output>
        </test-method> <!-- getResult -->
        <test-method status="PASS" signature="alertMessage(java.lang.String, java.lang.String, java.lang.String, java.lang.String, java.lang.String)[pri:0, instance:com.practo.getAlertMessage@6eebc39e]" name="alertMessage" duration-ms="12744" started-at="2020-11-16T15:31:35Z" data-provider="TestData" finished-at="2020-11-16T15:31:47Z">
          <params>
            <param index="0">
              <value>
                <![CDATA[Sharman]]>
              </value>
            </param>
            <param index="1">
              <value>
                <![CDATA[TCS]]>
              </value>
            </param>
            <param index="2">
              <value>
                <![CDATA[sharman@outlook.com]]>
              </value>
            </param>
            <param index="3">
              <value>
                <![CDATA[9999999999]]>
              </value>
            </param>
            <param index="4">
              <value>
                <![CDATA[Valid Data]]>
              </value>
            </param>
          </params>
          <reporter-output>
          </reporter-output>
        </test-method> <!-- alertMessage -->
        <test-method status="PASS" signature="getResult(org.testng.ITestResult)[pri:0, instance:com.practo.getAlertMessage@6eebc39e]" name="getResult" is-config="true" duration-ms="1" started-at="2020-11-16T15:31:47Z" finished-at="2020-11-16T15:31:47Z">
          <params>
            <param index="0">
              <value>
                <![CDATA[[TestResult name=alertMessage status=SUCCESS method=getAlertMessage.alertMessage(java.lang.String, java.lang.String, java.lang.String, java.lang.String, java.lang.String)[pri:0, instance:com.practo.getAlertMessage@6eebc39e] output={null}]]]>
              </value>
            </param>
          </params>
          <reporter-output>
          </reporter-output>
        </test-method> <!-- getResult -->
        <test-method status="PASS" signature="alertMessage(java.lang.String, java.lang.String, java.lang.String, java.lang.String, java.lang.String)[pri:0, instance:com.practo.getAlertMessage@6eebc39e]" name="alertMessage" duration-ms="13845" started-at="2020-11-16T15:31:47Z" data-provider="TestData" finished-at="2020-11-16T15:32:01Z">
          <params>
            <param index="0">
              <value>
                <![CDATA[Nimish]]>
              </value>
            </param>
            <param index="1">
              <value>
                <![CDATA[HCL]]>
              </value>
            </param>
            <param index="2">
              <value>
                <![CDATA[nim2ish@gmail.com]]>
              </value>
            </param>
            <param index="3">
              <value>
                <![CDATA[9999999999]]>
              </value>
            </param>
            <param index="4">
              <value>
                <![CDATA[Valid Data]]>
              </value>
            </param>
          </params>
          <reporter-output>
          </reporter-output>
        </test-method> <!-- alertMessage -->
        <test-method status="PASS" signature="getResult(org.testng.ITestResult)[pri:0, instance:com.practo.getAlertMessage@6eebc39e]" name="getResult" is-config="true" duration-ms="0" started-at="2020-11-16T15:32:01Z" finished-at="2020-11-16T15:32:01Z">
          <params>
            <param index="0">
              <value>
                <![CDATA[[TestResult name=alertMessage status=SUCCESS method=getAlertMessage.alertMessage(java.lang.String, java.lang.String, java.lang.String, java.lang.String, java.lang.String)[pri:0, instance:com.practo.getAlertMessage@6eebc39e] output={null}]]]>
              </value>
            </param>
          </params>
          <reporter-output>
          </reporter-output>
        </test-method> <!-- getResult -->
        <test-method status="PASS" signature="alertMessage(java.lang.String, java.lang.String, java.lang.String, java.lang.String, java.lang.String)[pri:0, instance:com.practo.getAlertMessage@6eebc39e]" name="alertMessage" duration-ms="13930" started-at="2020-11-16T15:32:01Z" data-provider="TestData" finished-at="2020-11-16T15:32:15Z">
          <params>
            <param index="0">
              <value>
                <![CDATA[Charles]]>
              </value>
            </param>
            <param index="1">
              <value>
                <![CDATA[Cognizant]]>
              </value>
            </param>
            <param index="2">
              <value>
                <![CDATA[mark@shot.com]]>
              </value>
            </param>
            <param index="3">
              <value>
                <![CDATA[9999999999]]>
              </value>
            </param>
            <param index="4">
              <value>
                <![CDATA[Valid Data]]>
              </value>
            </param>
          </params>
          <reporter-output>
          </reporter-output>
        </test-method> <!-- alertMessage -->
        <test-method status="PASS" signature="getResult(org.testng.ITestResult)[pri:0, instance:com.practo.getAlertMessage@6eebc39e]" name="getResult" is-config="true" duration-ms="0" started-at="2020-11-16T15:32:15Z" finished-at="2020-11-16T15:32:15Z">
          <params>
            <param index="0">
              <value>
                <![CDATA[[TestResult name=alertMessage status=SUCCESS method=getAlertMessage.alertMessage(java.lang.String, java.lang.String, java.lang.String, java.lang.String, java.lang.String)[pri:0, instance:com.practo.getAlertMessage@6eebc39e] output={null}]]]>
              </value>
            </param>
          </params>
          <reporter-output>
          </reporter-output>
        </test-method> <!-- getResult -->
        <test-method status="PASS" signature="alertMessage(java.lang.String, java.lang.String, java.lang.String, java.lang.String, java.lang.String)[pri:0, instance:com.practo.getAlertMessage@6eebc39e]" name="alertMessage" duration-ms="13342" started-at="2020-11-16T15:32:15Z" data-provider="TestData" finished-at="2020-11-16T15:32:28Z">
          <params>
            <param index="0">
              <value>
                <![CDATA[Rizwan]]>
              </value>
            </param>
            <param index="1">
              <value>
                <![CDATA[Cognizant]]>
              </value>
            </param>
            <param index="2">
              <value>
                <![CDATA[riz@gmail.com]]>
              </value>
            </param>
            <param index="3">
              <value>
                <![CDATA[9999999999]]>
              </value>
            </param>
            <param index="4">
              <value>
                <![CDATA[Valid Data]]>
              </value>
            </param>
          </params>
          <reporter-output>
          </reporter-output>
        </test-method> <!-- alertMessage -->
        <test-method status="PASS" signature="getResult(org.testng.ITestResult)[pri:0, instance:com.practo.getAlertMessage@6eebc39e]" name="getResult" is-config="true" duration-ms="0" started-at="2020-11-16T15:32:28Z" finished-at="2020-11-16T15:32:28Z">
          <params>
            <param index="0">
              <value>
                <![CDATA[[TestResult name=alertMessage status=SUCCESS method=getAlertMessage.alertMessage(java.lang.String, java.lang.String, java.lang.String, java.lang.String, java.lang.String)[pri:0, instance:com.practo.getAlertMessage@6eebc39e] output={null}]]]>
              </value>
            </param>
          </params>
          <reporter-output>
          </reporter-output>
        </test-method> <!-- getResult -->
        <test-method status="PASS" signature="tearDown()[pri:0, instance:com.practo.getAlertMessage@6eebc39e]" name="tearDown" is-config="true" duration-ms="346" started-at="2020-11-16T15:32:28Z" finished-at="2020-11-16T15:32:29Z">
          <reporter-output>
          </reporter-output>
        </test-method> <!-- tearDown -->
      </class> <!-- com.practo.getAlertMessage -->
    </test> <!-- Getting Alert Message -->
  </suite> <!-- Finding Hospitals -->
</testng-results>
